2021-06-07 00:05:14,950 [main] INFO noCommerce - ********** Opening URL *************
2021-06-07 00:05:25,762 [main] INFO noCommerce - ********** Entering credentials  *************
2021-06-07 00:05:30,519 [main] INFO noCommerce - ********** user Logged in SUccessfully *************
2021-06-07 00:05:30,521 [main] INFO noCommerce - ********** navigated to customer page *************
2021-06-07 00:05:31,986 [main] INFO noCommerce - ********** Adding new customer *************
2021-06-07 00:05:34,067 [main] INFO noCommerce - ********** Providinng the required Info *************
2021-06-07 00:05:34,630 [main] INFO noCommerce - ********** Clickinng on Save button *************
2021-06-07 00:05:36,759 [main] INFO noCommerce - ********** New customer added SUccessfully *************
2021-06-07 00:05:39,526 [main] INFO noCommerce - ********** Opening URL *************
2021-06-07 00:05:48,664 [main] INFO noCommerce - ********** Entering credentials  *************
2021-06-07 00:05:54,277 [main] INFO noCommerce - ********** user Logged in SUccessfully *************
2021-06-07 00:05:54,279 [main] INFO noCommerce - ********** navigated to customer page *************
2021-06-07 00:06:16,042 [main] INFO noCommerce - ********** Opening URL *************
2021-06-07 00:06:24,993 [main] INFO noCommerce - ********** Entering credentials  *************
2021-06-07 00:06:29,550 [main] INFO noCommerce - ********** user Logged in SUccessfully *************
2021-06-07 00:06:29,551 [main] INFO noCommerce - ********** navigated to customer page *************
2021-06-07 00:06:30,407 [main] INFO noCommerce - ********** Adding new customer *************
2021-06-07 00:06:33,016 [main] INFO noCommerce - ********** Providinng the required Info *************
2021-06-07 00:06:33,434 [main] INFO noCommerce - ********** Clickinng on Save button *************
2021-06-07 00:06:35,098 [main] INFO noCommerce - ********** New customer added SUccessfully *************
2021-06-07 00:06:37,336 [main] INFO noCommerce - ********** Opening URL *************
2021-06-07 00:06:48,919 [main] INFO noCommerce - ********** Entering credentials  *************
2021-06-07 00:06:52,044 [main] INFO noCommerce - ********** user Logged in SUccessfully *************
2021-06-07 00:06:52,046 [main] INFO noCommerce - ********** navigated to customer page *************
2021-06-07 00:07:57,128 [main] INFO noCommerce - ********** Opening URL *************
2021-06-07 00:08:08,842 [main] INFO noCommerce - ********** Entering credentials  *************
2021-06-07 00:08:14,506 [main] INFO noCommerce - ********** user Logged in SUccessfully *************
2021-06-07 00:08:14,508 [main] INFO noCommerce - ********** navigated to customer page *************
2021-06-07 00:08:15,431 [main] INFO noCommerce - ********** Adding new customer *************
2021-06-07 00:08:17,526 [main] INFO noCommerce - ********** Providinng the required Info *************
2021-06-07 00:08:17,992 [main] INFO noCommerce - ********** Clickinng on Save button *************
2021-06-07 00:08:19,796 [main] INFO noCommerce - ********** New customer added SUccessfully *************
2021-06-07 00:08:23,122 [main] INFO noCommerce - ********** Opening URL *************
2021-06-07 00:08:34,317 [main] INFO noCommerce - ********** Entering credentials  *************
2021-06-07 00:08:38,205 [main] INFO noCommerce - ********** user Logged in SUccessfully *************
2021-06-07 00:08:38,207 [main] INFO noCommerce - ********** navigated to customer page *************
2021-06-07 00:09:56,965 [main] INFO noCommerce - ********** Opening URL *************
2021-06-07 00:10:08,600 [main] INFO noCommerce - ********** Entering credentials  *************
2021-06-07 00:10:15,644 [main] INFO noCommerce - ********** user Logged in SUccessfully *************
2021-06-07 00:10:15,645 [main] INFO noCommerce - ********** navigated to customer page *************
2021-06-07 00:10:16,525 [main] INFO noCommerce - ********** Adding new customer *************
2021-06-07 00:10:18,169 [main] INFO noCommerce - ********** Providinng the required Info *************
2021-06-07 00:10:18,619 [main] INFO noCommerce - ********** Clickinng on Save button *************
2021-06-07 00:10:20,190 [main] INFO noCommerce - ********** New customer added SUccessfully *************
2021-06-07 00:10:22,595 [main] INFO noCommerce - ********** Opening URL *************
2021-06-07 00:10:31,821 [main] INFO noCommerce - ********** Entering credentials  *************
2021-06-07 00:10:37,382 [main] INFO noCommerce - ********** user Logged in SUccessfully *************
2021-06-07 00:10:37,383 [main] INFO noCommerce - ********** navigated to customer page *************
2021-06-07 00:15:03,326 [main] INFO noCommerce - ********** Opening URL *************
2021-06-07 00:15:14,732 [main] INFO noCommerce - ********** Entering credentials  *************
2021-06-07 00:15:19,324 [main] INFO noCommerce - ********** user Logged in SUccessfully *************
2021-06-07 00:15:19,326 [main] INFO noCommerce - ********** navigated to customer page *************
2021-06-07 00:15:20,800 [main] INFO noCommerce - ********** Adding new customer *************
2021-06-07 00:15:22,751 [main] INFO noCommerce - ********** Providinng the required Info *************
2021-06-07 00:15:23,168 [main] INFO noCommerce - ********** Clickinng on Save button *************
2021-06-07 00:15:24,862 [main] INFO noCommerce - ********** New customer added SUccessfully *************
2021-06-07 00:15:26,950 [main] INFO noCommerce - ********** Opening URL *************
2021-06-07 00:15:38,725 [main] INFO noCommerce - ********** Entering credentials  *************
2021-06-07 00:15:42,305 [main] INFO noCommerce - ********** user Logged in SUccessfully *************
2021-06-07 00:15:42,306 [main] INFO noCommerce - ********** navigated to customer page *************
2021-06-07 00:18:44,391 [main] INFO noCommerce - ********** Opening URL *************
2021-06-07 00:19:15,717 [main] INFO noCommerce - ********** Entering credentials  *************
2021-06-07 00:19:29,701 [main] INFO noCommerce - ********** user Logged in SUccessfully *************
2021-06-07 00:19:29,703 [main] INFO noCommerce - ********** navigated to customer page *************
2021-06-07 00:19:32,136 [main] INFO noCommerce - ********** Adding new customer *************
2021-06-07 00:19:36,021 [main] INFO noCommerce - ********** Providinng the required Info *************
2021-06-07 00:19:36,473 [main] INFO noCommerce - ********** Clickinng on Save button *************
2021-06-07 00:19:38,530 [main] INFO noCommerce - ********** New customer added SUccessfully *************
2021-06-07 00:19:41,279 [main] INFO noCommerce - ********** Opening URL *************
2021-06-07 00:19:49,709 [main] INFO noCommerce - ********** Entering credentials  *************
2021-06-07 00:19:53,351 [main] INFO noCommerce - ********** user Logged in SUccessfully *************
2021-06-07 00:19:53,353 [main] INFO noCommerce - ********** navigated to customer page *************
2021-06-07 00:21:43,110 [main] INFO noCommerce - ********** Opening URL *************
2021-06-07 00:22:18,599 [main] INFO noCommerce - ********** Opening URL *************
2021-06-07 00:22:26,619 [main] INFO noCommerce - ********** Entering credentials  *************
2021-06-07 00:22:29,663 [main] INFO noCommerce - ********** user Logged in SUccessfully *************
2021-06-07 00:22:29,664 [main] INFO noCommerce - ********** navigated to customer page *************
2021-06-07 00:22:31,215 [main] INFO noCommerce - ********** Adding new customer *************
2021-06-07 00:22:32,336 [main] INFO noCommerce - ********** Providinng the required Info *************
2021-06-07 00:22:32,772 [main] INFO noCommerce - ********** Clickinng on Save button *************
2021-06-07 00:22:34,583 [main] INFO noCommerce - ********** New customer added SUccessfully *************
2021-06-07 00:22:36,785 [main] INFO noCommerce - ********** Opening URL *************
2021-06-07 00:22:45,043 [main] INFO noCommerce - ********** Entering credentials  *************
2021-06-07 00:22:49,157 [main] INFO noCommerce - ********** user Logged in SUccessfully *************
2021-06-07 00:22:49,158 [main] INFO noCommerce - ********** navigated to customer page *************
2021-06-07 00:22:58,924 [main] INFO noCommerce - ********** Searched keywords entered *************
2021-06-07 00:22:59,014 [main] INFO noCommerce - ********** keyword successfully searched *************
2021-06-07 19:17:46,793 [main] INFO noCommerce - ********** Opening URL *************
2021-06-07 19:17:59,921 [main] INFO noCommerce - ********** Opening URL *************
2021-06-07 19:20:01,650 [main] INFO noCommerce - ********** Opening URL *************
2021-06-07 19:20:10,848 [main] INFO noCommerce - ********** Entering credentials  *************
2021-06-07 19:20:16,454 [main] INFO noCommerce - ********** user Logged in SUccessfully *************
2021-06-07 19:20:16,455 [main] INFO noCommerce - ********** navigated to customer page *************
2021-06-07 19:20:18,944 [main] INFO noCommerce - ********** Adding new customer *************
2021-06-07 19:20:20,979 [main] INFO noCommerce - ********** Providinng the required Info *************
2021-06-07 19:20:21,484 [main] INFO noCommerce - ********** Clickinng on Save button *************
2021-06-07 19:20:24,745 [main] INFO noCommerce - ********** New customer added SUccessfully *************
2021-06-07 19:20:26,793 [main] INFO noCommerce - ********** Opening URL *************
2021-06-07 19:20:36,247 [main] INFO noCommerce - ********** Entering credentials  *************
2021-06-07 19:20:40,756 [main] INFO noCommerce - ********** user Logged in SUccessfully *************
2021-06-07 19:20:40,757 [main] INFO noCommerce - ********** navigated to customer page *************
2021-06-07 19:20:51,389 [main] INFO noCommerce - ********** Searched keywords entered *************
2021-06-07 19:20:51,505 [main] INFO noCommerce - ********** keyword successfully searched *************
